<?xml version="1.0" encoding="UTF-8"?>
<!-- Generated by org.testng.reporters.JUnitReportReporter -->
<testsuite hostname="LTPCHE032507879" failures="0" tests="6" name="com.gopal12.WriteExcelTest" time="1.163" errors="0" timestamp="2022-12-01T17:23:54 IST" skipped="0">
  <testcase classname="com.gopal12.WriteExcelTest" name="WriteExcelTest" time="0.866"/>
  <system-out/>
  <testcase classname="com.gopal12.WriteExcelTest" name="WriteExcelTest5" time="0.050"/>
  <system-out/>
  <testcase classname="com.gopal12.WriteExcelTest" name="WriteExcelTest4" time="0.054"/>
  <system-out/>
  <testcase classname="com.gopal12.WriteExcelTest" name="WriteExcelTest2" time="0.056"/>
  <system-out/>
  <testcase classname="com.gopal12.WriteExcelTest" name="WriteExcelTest1" time="0.074"/>
  <system-out/>
  <testcase classname="com.gopal12.WriteExcelTest" name="WriteExcelTest3" time="0.063"/>
  <system-out/>
</testsuite> <!-- com.gopal12.WriteExcelTest -->
